[0.015s] Invoking command in '/home/xsm/R1_ws/build/armForwardkinematics': CMAKE_PREFIX_PATH=/home/xsm/R1_ws/install/mit_msgs:/home/xsm/R1_ws/install/optimal_control_problem:/home/xsm/R1_ws/install/arm_dynamics_hw:/home/xsm/R1_ws/install/armForwardkinematics:/home/xsm/R1_ws/install/lock_utils:/home/xsm/R1_ws/install/gui_pkg:/opt/ros/humble LD_LIBRARY_PATH=/home/xsm/R1_ws/install/mit_msgs/lib:/home/xsm/R1_ws/install/optimal_control_problem/lib:/home/xsm/R1_ws/install/lock_utils/lib:/usr/lib/x86_64-linux-gnu/gazebo-11/plugins:/opt/ros/humble/opt/rviz_ogre_vendor/lib:/opt/ros/humble/lib/x86_64-linux-gnu:/opt/ros/humble/lib:/usr/share/gazebo/../../lib/x86_64-linux-gnu/gazebo-11/plugins:/usr/lib/nvidia /usr/bin/cmake --build /home/xsm/R1_ws/build/armForwardkinematics -- -j16 -l16
[0.087s] [35m[1mConsolidate compiler generated dependencies of target pino_armkine_node[0m
[0.149s] [ 16%] [32mBuilding CXX object CMakeFiles/pino_armkine_node.dir/source/ForwardkinematicsT/zwzVel.cpp.o[0m
[4.963s] [01m[K/home/xsm/R1_ws/src/armForwardkinematics/source/ForwardkinematicsT/zwzVel.cpp:[m[K In member function â€˜[01m[KEigen::Vector3d FT_method::zwzVelcal(Eigen::Vector3d&, Eigen::Vector3d&)[m[Kâ€™:
[4.963s] [01m[K/home/xsm/R1_ws/src/armForwardkinematics/source/ForwardkinematicsT/zwzVel.cpp:5:9:[m[K [01;35m[Kwarning: [m[Kunused variable â€˜[01m[Kcount[m[Kâ€™ [[01;35m[K]8;;https://gcc.gnu.org/onlinedocs/gcc/Warning-Options.html#index-Wunused-variable-Wunused-variable]8;;[m[K]
[4.963s]     5 |     int [01;35m[Kcount[m[K = 0;
[4.963s]       |         [01;35m[K^~~~~[m[K
[4.963s] [01m[K/home/xsm/R1_ws/src/armForwardkinematics/source/ForwardkinematicsT/zwzVel.cpp:6:9:[m[K [01;35m[Kwarning: [m[Kunused variable â€˜[01m[Kid[m[Kâ€™ [[01;35m[K]8;;https://gcc.gnu.org/onlinedocs/gcc/Warning-Options.html#index-Wunused-variable-Wunused-variable]8;;[m[K]
[4.963s]     6 |     int [01;35m[Kid[m[K = 0;
[4.963s]       |         [01;35m[K^~[m[K
[4.963s] [01m[K/home/xsm/R1_ws/src/armForwardkinematics/source/ForwardkinematicsT/zwzVel.cpp:3:79:[m[K [01;35m[Kwarning: [m[Kunused parameter â€˜[01m[Kdqnow[m[Kâ€™ [[01;35m[K]8;;https://gcc.gnu.org/onlinedocs/gcc/Warning-Options.html#index-Wunused-parameter-Wunused-parameter]8;;[m[K]
[4.963s]     3 | Eigen:: Vector3d FT_method::zwzVelcal(Eigen::Vector3d& qnow ,[01;35m[KEigen::Vector3d& dqnow[m[K)
[4.963s]       |                                                              [01;35m[K~~~~~~~~~~~~~~~~~^~~~~[m[K
[4.992s] In file included from [01m[K/opt/ros/humble/include/rclcpp/rclcpp/logging.hpp:24[m[K,
[4.992s]                  from [01m[K/opt/ros/humble/include/rclcpp/rclcpp/client.hpp:40[m[K,
[4.992s]                  from [01m[K/opt/ros/humble/include/rclcpp/rclcpp/callback_group.hpp:24[m[K,
[4.992s]                  from [01m[K/opt/ros/humble/include/rclcpp/rclcpp/any_executable.hpp:20[m[K,
[4.992s]                  from [01m[K/opt/ros/humble/include/rclcpp/rclcpp/memory_strategy.hpp:25[m[K,
[4.992s]                  from [01m[K/opt/ros/humble/include/rclcpp/rclcpp/memory_strategies.hpp:18[m[K,
[4.992s]                  from [01m[K/opt/ros/humble/include/rclcpp/rclcpp/executor_options.hpp:20[m[K,
[4.992s]                  from [01m[K/opt/ros/humble/include/rclcpp/rclcpp/executor.hpp:37[m[K,
[4.992s]                  from [01m[K/opt/ros/humble/include/rclcpp/rclcpp/executors/multi_threaded_executor.hpp:25[m[K,
[4.992s]                  from [01m[K/opt/ros/humble/include/rclcpp/rclcpp/executors.hpp:21[m[K,
[4.992s]                  from [01m[K/opt/ros/humble/include/rclcpp/rclcpp/rclcpp.hpp:155[m[K,
[4.992s]                  from [01m[K/home/xsm/R1_ws/src/armForwardkinematics/include/ForwardkinematicsT/FT_method.hpp:26[m[K,
[4.992s]                  from [01m[K/home/xsm/R1_ws/src/armForwardkinematics/source/ForwardkinematicsT/zwzVel.cpp:1[m[K:
[4.992s] [01m[K/home/xsm/R1_ws/src/armForwardkinematics/source/ForwardkinematicsT/zwzVel.cpp:[m[K In member function â€˜[01m[KEigen::Vector3d FT_method::zwzVeltaucal(Eigen::Vector3d&, Eigen::Vector3d&)[m[Kâ€™:
[4.992s] [01m[K/home/xsm/R1_ws/src/armForwardkinematics/source/ForwardkinematicsT/zwzVel.cpp:36:76:[m[K [01;31m[Kerror: [m[Kinvalid use of non-static member function â€˜[01m[Ktypename Eigen::NumTraits<typename Eigen::internal::traits<T>::Scalar>::Real Eigen::MatrixBase<Derived>::norm() const [with Derived = Eigen::Matrix<double, 3, 1>; typename Eigen::NumTraits<typename Eigen::internal::traits<T>::Scalar>::Real = double; typename Eigen::internal::traits<T>::Scalar = double][m[Kâ€™
[4.992s]    36 |         RCLCPP_INFO(this->get_logger(), "ID: %d, vel: %f, %f", id, [01;31m[Kvelnow3.norm[m[K, endTargetvel.norm);
[4.992s]       |                                                                    [01;31m[K~~~~~~~~^~~~[m[K
[4.992s] In file included from [01m[K/usr/include/eigen3/Eigen/Core:303[m[K,
[4.992s]                  from [01m[K/usr/include/eigen3/Eigen/Dense:1[m[K,
[4.993s]                  from [01m[K/home/xsm/R1_ws/src/armForwardkinematics/include/ForwardkinematicsT/FT_method.hpp:3[m[K,
[4.993s]                  from [01m[K/home/xsm/R1_ws/src/armForwardkinematics/source/ForwardkinematicsT/zwzVel.cpp:1[m[K:
[4.993s] [01m[K/usr/include/eigen3/Eigen/src/Core/Dot.h:108:108:[m[K [01;36m[Knote: [m[Kdeclared here
[4.993s]   108 | EIGEN_DEVICE_FUNC EIGEN_STRONG_INLINE typename NumTraits<typename internal::traits<Derived>::Scalar>::Real [01;36m[KMatrixBase<Derived>[m[K::norm() const
[4.993s]       |                                                                                                            [01;36m[K^~~~~~~~~~~~~~~~~~~[m[K
[5.752s] gmake[2]: *** [CMakeFiles/pino_armkine_node.dir/build.make:118ï¼šCMakeFiles/pino_armkine_node.dir/source/ForwardkinematicsT/zwzVel.cpp.o] é”™è¯¯ 1
[5.752s] gmake[1]: *** [CMakeFiles/Makefile2:137ï¼šCMakeFiles/pino_armkine_node.dir/all] é”™è¯¯ 2
[5.752s] gmake: *** [Makefile:146ï¼šall] é”™è¯¯ 2
[5.755s] Invoked command in '/home/xsm/R1_ws/build/armForwardkinematics' returned '2': CMAKE_PREFIX_PATH=/home/xsm/R1_ws/install/mit_msgs:/home/xsm/R1_ws/install/optimal_control_problem:/home/xsm/R1_ws/install/arm_dynamics_hw:/home/xsm/R1_ws/install/armForwardkinematics:/home/xsm/R1_ws/install/lock_utils:/home/xsm/R1_ws/install/gui_pkg:/opt/ros/humble LD_LIBRARY_PATH=/home/xsm/R1_ws/install/mit_msgs/lib:/home/xsm/R1_ws/install/optimal_control_problem/lib:/home/xsm/R1_ws/install/lock_utils/lib:/usr/lib/x86_64-linux-gnu/gazebo-11/plugins:/opt/ros/humble/opt/rviz_ogre_vendor/lib:/opt/ros/humble/lib/x86_64-linux-gnu:/opt/ros/humble/lib:/usr/share/gazebo/../../lib/x86_64-linux-gnu/gazebo-11/plugins:/usr/lib/nvidia /usr/bin/cmake --build /home/xsm/R1_ws/build/armForwardkinematics -- -j16 -l16
