[0.014s] Invoking command in '/home/xsm/R1_ws/build/armForwardkinematics': CMAKE_PREFIX_PATH=/home/xsm/R1_ws/install/mit_msgs:/home/xsm/R1_ws/install/optimal_control_problem:/home/xsm/R1_ws/install/arm_dynamics_hw:/home/xsm/R1_ws/install/armForwardkinematics:/home/xsm/R1_ws/install/lock_utils:/home/xsm/R1_ws/install/gui_pkg:/opt/ros/humble LD_LIBRARY_PATH=/home/xsm/R1_ws/install/mit_msgs/lib:/home/xsm/R1_ws/install/optimal_control_problem/lib:/home/xsm/R1_ws/install/lock_utils/lib:/usr/lib/x86_64-linux-gnu/gazebo-11/plugins:/opt/ros/humble/opt/rviz_ogre_vendor/lib:/opt/ros/humble/lib/x86_64-linux-gnu:/opt/ros/humble/lib:/usr/share/gazebo/../../lib/x86_64-linux-gnu/gazebo-11/plugins:/usr/lib/nvidia:/usr/share/gazebo/../../lib/x86_64-linux-gnu/gazebo-11/plugins:/usr/share/gazebo/../../lib/x86_64-linux-gnu/gazebo-11/plugins:/usr/lib/nvidia /usr/bin/cmake --build /home/xsm/R1_ws/build/armForwardkinematics -- -j16 -l16
[0.046s] -- Found ament_cmake: 1.3.10 (/opt/ros/humble/share/ament_cmake/cmake)
[0.107s] -- Found Python3: /usr/bin/python3 (found version "3.10.12") found components: Interpreter 
[0.165s] -- Override CMake install command with custom implementation using symlinks instead of copying resources
[0.176s] -- Found rclcpp: 16.0.10 (/opt/ros/humble/share/rclcpp/cmake)
[0.212s] -- Found rosidl_generator_c: 3.1.5 (/opt/ros/humble/share/rosidl_generator_c/cmake)
[0.214s] -- Found rosidl_adapter: 3.1.5 (/opt/ros/humble/share/rosidl_adapter/cmake)
[0.220s] -- Found rosidl_generator_cpp: 3.1.5 (/opt/ros/humble/share/rosidl_generator_cpp/cmake)
[0.230s] -- Using all available rosidl_typesupport_c: rosidl_typesupport_fastrtps_c;rosidl_typesupport_introspection_c
[0.241s] -- Using all available rosidl_typesupport_cpp: rosidl_typesupport_fastrtps_cpp;rosidl_typesupport_introspection_cpp
[0.272s] -- Found rmw_implementation_cmake: 6.1.2 (/opt/ros/humble/share/rmw_implementation_cmake/cmake)
[0.273s] -- Found rmw_fastrtps_cpp: 6.2.7 (/opt/ros/humble/share/rmw_fastrtps_cpp/cmake)
[0.380s] -- Using RMW implementation 'rmw_fastrtps_cpp' as default
[0.424s] -- pinocchio FOUND. pinocchio at /opt/ros/humble/lib/x86_64-linux-gnu/libpinocchio.so
[0.425s] -- boost_filesystem FOUND. boost_filesystem at /lib/x86_64-linux-gnu/libboost_filesystem.so
[0.425s] -- boost_serialization FOUND. boost_serialization at /lib/x86_64-linux-gnu/libboost_serialization.so
[0.425s] -- boost_system FOUND. boost_system at /lib/x86_64-linux-gnu/libboost_system.so
[0.433s] -- Found Boost: /usr/include (found version "1.74.0") found components: filesystem serialization system 
[0.434s] -- eigenpy FOUND. eigenpy at /opt/ros/humble/lib/x86_64-linux-gnu/libeigenpy.so
[0.463s] -- Checking for NumPy
[0.624s] --   NUMPY_INCLUDE_DIRS=/usr/lib/python3/dist-packages/numpy/core/include
[0.708s] --   NUMPY_VERSION=1.21.5
[0.928s] -- Found Python3: /usr/bin/python3 (found version "3.10.12") found components: Interpreter Development.Module NumPy 
[0.928s] -- PythonLibraryDirs: 
[0.928s] -- PythonLibVersionString: 3.10.12
[0.952s] -- Python site lib: lib/python3.10/dist-packages
[0.952s] -- Python include dirs: /usr/include/python3.10
[0.998s] -- Checking for NumPy
[1.082s] --   NUMPY_INCLUDE_DIRS=/usr/lib/python3/dist-packages/numpy/core/include
[1.164s] --   NUMPY_VERSION=1.21.5
[1.164s] -- NumPy include dir: /usr/lib/python3/dist-packages/numpy/core/include
[1.167s] [33mCMake Warning at /usr/share/cmake-3.22/Modules/FindBoost.cmake:2201 (message):
[1.167s]   No header defined for python310; skipping header check (note: header-only
[1.167s]   libraries have no designated component)
[1.168s] Call Stack (most recent call first):
[1.168s]   /opt/ros/humble/lib/x86_64-linux-gnu/cmake/eigenpy/boost.cmake:144 (find_package)
[1.168s]   /opt/ros/humble/lib/x86_64-linux-gnu/cmake/eigenpy/eigenpyConfig.cmake:149 (SEARCH_FOR_BOOST_PYTHON)
[1.168s]   /usr/share/cmake-3.22/Modules/CMakeFindDependencyMacro.cmake:47 (find_package)
[1.168s]   /opt/ros/humble/lib/x86_64-linux-gnu/cmake/pinocchio/pinocchioConfig.cmake:160 (find_dependency)
[1.168s]   CMakeLists.txt:11 (find_package)
[1.168s] 
[1.168s] [0m
[1.168s] -- Found Boost: /usr/include (found version "1.74.0") found components: python310 
[1.168s] -- Boost_PYTHON_LIBRARY: /usr/lib/x86_64-linux-gnu/libboost_python310.so
[1.433s] -- Default C++ standard: 201703
[1.433s] -- C++ standard sufficient: Minimal required 11, currently defined: 17
[1.433s] -- CMAKE_CXX_STANDARD was not set: automatically set to currently defined standard 17
[1.434s] -- hpp-fcl FOUND. hpp-fcl at /opt/ros/humble/lib/x86_64-linux-gnu/libhpp-fcl.so
[1.439s] -- Found Boost: /usr/include (found version "1.74.0") found components: chrono serialization filesystem 
[1.441s] -- C++ standard sufficient: Minimal required 11, currently defined: 17
[1.442s] -- C++ standard sufficient: Minimal required 11, currently defined: 17
[1.445s] [33mCMake Warning at /usr/share/cmake-3.22/Modules/FindBoost.cmake:2201 (message):
[1.445s]   No header defined for python310; skipping header check (note: header-only
[1.445s]   libraries have no designated component)
[1.445s] Call Stack (most recent call first):
[1.445s]   CMakeLists.txt:13 (find_package)
[1.445s] 
[1.446s] [0m
[1.446s] -- Found Boost: /usr/include (found version "1.74.0") found components: python310 
[1.446s] -- Found mit_msgs: 0.0.0 (/home/xsm/R1_ws/install/mit_msgs/share/mit_msgs/cmake)
[1.489s] -- Found ament_lint_auto: 0.12.11 (/opt/ros/humble/share/ament_lint_auto/cmake)
[1.533s] WARNING: Package name "armForwardkinematics" does not follow the naming conventions. It should start with a lower case letter and only contain lower case letters, digits, underscores, and dashes.
[1.624s] -- Added test 'cppcheck' to perform static code analysis on C / C++ code
[1.624s] -- Configured cppcheck include dirs: /home/xsm/R1_ws/src/armForwardkinematics/include;/home/xsm/R1_ws/src/armForwardkinematics/include/pid
[1.624s] -- Configured cppcheck exclude dirs and/or files: 
[1.633s] -- Added test 'flake8' to check Python code syntax and style conventions
[1.650s] -- Added test 'lint_cmake' to check CMake code style
[1.660s] -- Added test 'pep257' to check Python code against some of the docstring style conventions in PEP 257
[1.734s] -- Added test 'uncrustify' to check C / C++ code style
[1.734s] -- Configured uncrustify additional arguments: 
[1.743s] -- Added test 'xmllint' to check XML markup files
[1.744s] -- Configuring done
[1.755s] -- Generating done
[1.757s] -- Build files have been written to: /home/xsm/R1_ws/build/armForwardkinematics
[1.795s] [35m[1mConsolidate compiler generated dependencies of target pino_armkine_node[0m
[1.840s] [ 40%] [32mBuilding CXX object CMakeFiles/pino_armkine_node.dir/source/ForwardkinematicsT/FT_method.cpp.o[0m
[1.840s] [ 40%] [32mBuilding CXX object CMakeFiles/pino_armkine_node.dir/source/ForwardkinematicsT/zwzmcg.cpp.o[0m
[1.850s] [01m[K/home/xsm/R1_ws/src/armForwardkinematics/source/ForwardkinematicsT/zwzmcg.cpp:1:10:[m[K [01;31m[Kfatal error: [m[KFT_method.hpp: Ê≤°ÊúâÈÇ£‰∏™Êñá‰ª∂ÊàñÁõÆÂΩï
[1.850s]     1 | #include [01;31m[K"FT_method.hpp"[m[K
[1.850s]       |          [01;31m[K^~~~~~~~~~~~~~~[m[K
[1.850s] compilation terminated.
[1.851s] gmake[2]: *** [CMakeFiles/pino_armkine_node.dir/build.make:104ÔºöCMakeFiles/pino_armkine_node.dir/source/ForwardkinematicsT/zwzmcg.cpp.o] ÈîôËØØ 1
[1.851s] gmake[2]: *** Ê≠£Âú®Á≠âÂæÖÊú™ÂÆåÊàêÁöÑ‰ªªÂä°....
[6.477s] [01m[K/home/xsm/R1_ws/src/armForwardkinematics/source/ForwardkinematicsT/FT_method.cpp:[m[K In member function ‚Äò[01m[KEigen::Matrix3d FT_method::generateM(Eigen::Vector3d)[m[K‚Äô:
[6.477s] [01m[K/home/xsm/R1_ws/src/armForwardkinematics/source/ForwardkinematicsT/FT_method.cpp:35:12:[m[K [01;35m[Kwarning: [m[Kunused variable ‚Äò[01m[Kq1[m[K‚Äô [[01;35m[K]8;;https://gcc.gnu.org/onlinedocs/gcc/Warning-Options.html#index-Wunused-variable-Wunused-variable]8;;[m[K]
[6.477s]    35 |     double [01;35m[Kq1[m[K = q_0(0);
[6.477s]       |            [01;35m[K^~[m[K
[6.478s] [01m[K/home/xsm/R1_ws/src/armForwardkinematics/source/ForwardkinematicsT/FT_method.cpp:[m[K In member function ‚Äò[01m[KEigen::Vector3d FT_method::generateC(Eigen::Vector3d, Eigen::Vector3d)[m[K‚Äô:
[6.478s] [01m[K/home/xsm/R1_ws/src/armForwardkinematics/source/ForwardkinematicsT/FT_method.cpp:64:12:[m[K [01;35m[Kwarning: [m[Kunused variable ‚Äò[01m[Kq1[m[K‚Äô [[01;35m[K]8;;https://gcc.gnu.org/onlinedocs/gcc/Warning-Options.html#index-Wunused-variable-Wunused-variable]8;;[m[K]
[6.478s]    64 |     double [01;35m[Kq1[m[K = q_0(0);
[6.479s]       |            [01;35m[K^~[m[K
[6.492s] [01m[K/home/xsm/R1_ws/src/armForwardkinematics/source/ForwardkinematicsT/FT_method.cpp:[m[K In member function ‚Äò[01m[KMatrixNumd4 FT_method::endTrajectory(float)[m[K‚Äô:
[6.492s] [01m[K/home/xsm/R1_ws/src/armForwardkinematics/source/ForwardkinematicsT/FT_method.cpp:120:12:[m[K [01;35m[Kwarning: [m[Kunused variable ‚Äò[01m[Kvx[m[K‚Äô [[01;35m[K]8;;https://gcc.gnu.org/onlinedocs/gcc/Warning-Options.html#index-Wunused-variable-Wunused-variable]8;;[m[K]
[6.492s]   120 |     double [01;35m[Kvx[m[K = k*v_end;
[6.493s]       |            [01;35m[K^~[m[K
[6.493s] [01m[K/home/xsm/R1_ws/src/armForwardkinematics/source/ForwardkinematicsT/FT_method.cpp:121:12:[m[K [01;35m[Kwarning: [m[Kunused variable ‚Äò[01m[Kvy[m[K‚Äô [[01;35m[K]8;;https://gcc.gnu.org/onlinedocs/gcc/Warning-Options.html#index-Wunused-variable-Wunused-variable]8;;[m[K]
[6.493s]   121 |     double [01;35m[Kvy[m[K = k*v_end;
[6.493s]       |            [01;35m[K^~[m[K
[6.493s] [01m[K/home/xsm/R1_ws/src/armForwardkinematics/source/ForwardkinematicsT/FT_method.cpp:124:12:[m[K [01;35m[Kwarning: [m[Kunused variable ‚Äò[01m[Kt[m[K‚Äô [[01;35m[K]8;;https://gcc.gnu.org/onlinedocs/gcc/Warning-Options.html#index-Wunused-variable-Wunused-variable]8;;[m[K]
[6.493s]   124 |     double [01;35m[Kt[m[K = 2*v_end/a; // ÂâçÂçäÊÆµÂä†ÈÄüÔºåÂêéÂçäÊÆµÂáèÈÄü
[6.493s]       |            [01;35m[K^[m[K
[6.494s] [01m[K/home/xsm/R1_ws/src/armForwardkinematics/source/ForwardkinematicsT/FT_method.cpp:[m[K In member function ‚Äò[01m[KEigen::Vector3d FT_method::myinverseKinematics(double, double, int)[m[K‚Äô:
[6.495s] [01m[K/home/xsm/R1_ws/src/armForwardkinematics/source/ForwardkinematicsT/FT_method.cpp:189:19:[m[K [01;35m[Kwarning: [m[Kvariable ‚Äò[01m[KqLast[m[K‚Äô set but not used [[01;35m[K]8;;https://gcc.gnu.org/onlinedocs/gcc/Warning-Options.html#index-Wunused-but-set-variable-Wunused-but-set-variable]8;;[m[K]
[6.495s]   189 |     static double [01;35m[KqLast[m[K = 0;
[6.495s]       |                   [01;35m[K^~~~~[m[K
[6.495s] [01m[K/home/xsm/R1_ws/src/armForwardkinematics/source/ForwardkinematicsT/FT_method.cpp:195:12:[m[K [01;35m[Kwarning: [m[Kunused variable ‚Äò[01m[Ki0[m[K‚Äô [[01;35m[K]8;;https://gcc.gnu.org/onlinedocs/gcc/Warning-Options.html#index-Wunused-variable-Wunused-variable]8;;[m[K]
[6.495s]   195 |     double [01;35m[Ki0[m[K = double(num)/50.0;
[6.495s]       |            [01;35m[K^~[m[K
[6.625s] [01m[K/home/xsm/R1_ws/src/armForwardkinematics/source/ForwardkinematicsT/FT_method.cpp:[m[K In member function ‚Äò[01m[KEigen::Vector2d FT_method::trace(const Vector2d&, int, Eigen::Vector2d&)[m[K‚Äô:
[6.626s] [01m[K/home/xsm/R1_ws/src/armForwardkinematics/source/ForwardkinematicsT/FT_method.cpp:385:11:[m[K [01;35m[Kwarning: [m[Kunused variable ‚Äò[01m[KAccOutput[m[K‚Äô [[01;35m[K]8;;https://gcc.gnu.org/onlinedocs/gcc/Warning-Options.html#index-Wunused-variable-Wunused-variable]8;;[m[K]
[6.626s]   385 |     float [01;35m[KAccOutput[m[K = errorVelPid.PIDcalculate(nowVelocity.norm());
[6.626s]       |           [01;35m[K^~~~~~~~~[m[K
[6.626s] [01m[K/home/xsm/R1_ws/src/armForwardkinematics/source/ForwardkinematicsT/FT_method.cpp:391:1:[m[K [01;35m[Kwarning: [m[Kno return statement in function returning non-void [[01;35m[K]8;;https://gcc.gnu.org/onlinedocs/gcc/Warning-Options.html#index-Wreturn-type-Wreturn-type]8;;[m[K]
[6.626s]   391 | [01;35m[K}[m[K
[6.626s]       | [01;35m[K^[m[K
[6.789s] [01m[K/home/xsm/R1_ws/src/armForwardkinematics/source/ForwardkinematicsT/FT_method.cpp:[m[K In constructor ‚Äò[01m[KFT_method::FT_method()[m[K‚Äô:
[6.790s] [01m[K/home/xsm/R1_ws/src/armForwardkinematics/source/ForwardkinematicsT/FT_method.cpp:595:12:[m[K [01;35m[Kwarning: [m[Kunused variable ‚Äò[01m[KH[m[K‚Äô [[01;35m[K]8;;https://gcc.gnu.org/onlinedocs/gcc/Warning-Options.html#index-Wunused-variable-Wunused-variable]8;;[m[K]
[6.790s]   595 |     double [01;35m[KH[m[K = b * x_end - x_end * x_end;
[6.790s]       |            [01;35m[K^[m[K
[18.461s] gmake[1]: *** [CMakeFiles/Makefile2:137ÔºöCMakeFiles/pino_armkine_node.dir/all] ÈîôËØØ 2
[18.462s] gmake: *** [Makefile:146Ôºöall] ÈîôËØØ 2
[18.464s] Invoked command in '/home/xsm/R1_ws/build/armForwardkinematics' returned '2': CMAKE_PREFIX_PATH=/home/xsm/R1_ws/install/mit_msgs:/home/xsm/R1_ws/install/optimal_control_problem:/home/xsm/R1_ws/install/arm_dynamics_hw:/home/xsm/R1_ws/install/armForwardkinematics:/home/xsm/R1_ws/install/lock_utils:/home/xsm/R1_ws/install/gui_pkg:/opt/ros/humble LD_LIBRARY_PATH=/home/xsm/R1_ws/install/mit_msgs/lib:/home/xsm/R1_ws/install/optimal_control_problem/lib:/home/xsm/R1_ws/install/lock_utils/lib:/usr/lib/x86_64-linux-gnu/gazebo-11/plugins:/opt/ros/humble/opt/rviz_ogre_vendor/lib:/opt/ros/humble/lib/x86_64-linux-gnu:/opt/ros/humble/lib:/usr/share/gazebo/../../lib/x86_64-linux-gnu/gazebo-11/plugins:/usr/lib/nvidia:/usr/share/gazebo/../../lib/x86_64-linux-gnu/gazebo-11/plugins:/usr/share/gazebo/../../lib/x86_64-linux-gnu/gazebo-11/plugins:/usr/lib/nvidia /usr/bin/cmake --build /home/xsm/R1_ws/build/armForwardkinematics -- -j16 -l16
