[0.016s] Invoking command in '/home/xsm/R1_ws/build/armend_visualize': CMAKE_PREFIX_PATH=/home/xsm/R1_ws/install/mit_msgs:/home/xsm/R1_ws/install/xsmmsg:/home/xsm/R1_ws/install/xsm_msg:/home/xsm/R1_ws/install/optimal_control_problem:/home/xsm/R1_ws/install/arm_dynamics_hw:/home/xsm/R1_ws/install/armForwardkinematics:/home/xsm/R1_ws/install/lock_utils:/home/xsm/R1_ws/install/gui_pkg:/opt/ros/humble LD_LIBRARY_PATH=/home/xsm/R1_ws/install/mit_msgs/lib:/home/xsm/R1_ws/install/xsmmsg/lib:/home/xsm/R1_ws/install/xsm_msg/lib:/home/xsm/R1_ws/install/optimal_control_problem/lib:/home/xsm/R1_ws/install/lock_utils/lib:/usr/lib/x86_64-linux-gnu/gazebo-11/plugins:/opt/ros/humble/opt/rviz_ogre_vendor/lib:/opt/ros/humble/lib/x86_64-linux-gnu:/opt/ros/humble/lib:/usr/share/gazebo/../../lib/x86_64-linux-gnu/gazebo-11/plugins:/usr/lib/nvidia:/usr/share/gazebo/../../lib/x86_64-linux-gnu/gazebo-11/plugins:/usr/share/gazebo/../../lib/x86_64-linux-gnu/gazebo-11/plugins:/usr/lib/nvidia /usr/bin/cmake --build /home/xsm/R1_ws/build/armend_visualize -- -j16 -l16
[0.042s] -- Found ament_cmake: 1.3.10 (/opt/ros/humble/share/ament_cmake/cmake)
[0.097s] -- Found Python3: /usr/bin/python3 (found version "3.10.12") found components: Interpreter 
[0.208s] -- Found Python3: /usr/bin/python3 (found version "3.10.12") found components: Interpreter Development Development.Module Development.Embed 
[0.209s] -- Found rclcpp: 16.0.10 (/opt/ros/humble/share/rclcpp/cmake)
[0.230s] -- Found rosidl_generator_c: 3.1.5 (/opt/ros/humble/share/rosidl_generator_c/cmake)
[0.232s] -- Found rosidl_adapter: 3.1.5 (/opt/ros/humble/share/rosidl_adapter/cmake)
[0.236s] -- Found rosidl_generator_cpp: 3.1.5 (/opt/ros/humble/share/rosidl_generator_cpp/cmake)
[0.242s] -- Using all available rosidl_typesupport_c: rosidl_typesupport_fastrtps_c;rosidl_typesupport_introspection_c
[0.251s] -- Using all available rosidl_typesupport_cpp: rosidl_typesupport_fastrtps_cpp;rosidl_typesupport_introspection_cpp
[0.273s] -- Found rmw_implementation_cmake: 6.1.2 (/opt/ros/humble/share/rmw_implementation_cmake/cmake)
[0.274s] -- Found rmw_fastrtps_cpp: 6.2.7 (/opt/ros/humble/share/rmw_fastrtps_cpp/cmake)
[0.369s] -- Using RMW implementation 'rmw_fastrtps_cpp' as default
[0.402s] -- Found mit_msgs: 0.0.0 (/home/xsm/R1_ws/install/mit_msgs/share/mit_msgs/cmake)
[0.437s] -- Found ament_lint_auto: 0.12.11 (/opt/ros/humble/share/ament_lint_auto/cmake)
[0.562s] -- Added test 'cppcheck' to perform static code analysis on C / C++ code
[0.563s] -- Configured cppcheck include dirs: /home/xsm/R1_ws/src/armend_visualize/include;/home/xsm/R1_ws/src/armend_visualize/include/eigen;/home/xsm/R1_ws/src/armend_visualize/include/matplotlib-cpp-master;/home/xsm/R1_ws/src/armend_visualize/include/armend_visualize/visualize.hpp;/home/xsm/R1_ws/src/armend_visualize/include/eigen-3.4.0
[0.563s] -- Configured cppcheck exclude dirs and/or files: 
[0.572s] -- Added test 'flake8' to check Python code syntax and style conventions
[0.589s] -- Added test 'lint_cmake' to check CMake code style
[0.598s] -- Added test 'pep257' to check Python code against some of the docstring style conventions in PEP 257
[0.669s] -- Added test 'uncrustify' to check C / C++ code style
[0.669s] -- Configured uncrustify additional arguments: 
[0.679s] -- Added test 'xmllint' to check XML markup files
[0.680s] -- Configuring done
[0.688s] -- Generating done
[0.690s] -- Build files have been written to: /home/xsm/R1_ws/build/armend_visualize
[0.737s] [ 50%] [32mBuilding CXX object CMakeFiles/main.dir/src/main.cpp.o[0m
[0.745s] [01m[Kcc1plus:[m[K [01;35m[Kwarning: [m[K/home/xsm/R1_ws/src/armend_visualize/include/armend_visualize/visualize.hpp: not a directory
[2.941s] In file included from [01m[K/opt/ros/humble/include/rclcpp/rclcpp/logging.hpp:24[m[K,
[2.941s]                  from [01m[K/opt/ros/humble/include/rclcpp/rclcpp/client.hpp:40[m[K,
[2.942s]                  from [01m[K/opt/ros/humble/include/rclcpp/rclcpp/callback_group.hpp:24[m[K,
[2.942s]                  from [01m[K/opt/ros/humble/include/rclcpp/rclcpp/any_executable.hpp:20[m[K,
[2.942s]                  from [01m[K/opt/ros/humble/include/rclcpp/rclcpp/memory_strategy.hpp:25[m[K,
[2.942s]                  from [01m[K/opt/ros/humble/include/rclcpp/rclcpp/memory_strategies.hpp:18[m[K,
[2.942s]                  from [01m[K/opt/ros/humble/include/rclcpp/rclcpp/executor_options.hpp:20[m[K,
[2.942s]                  from [01m[K/opt/ros/humble/include/rclcpp/rclcpp/executor.hpp:37[m[K,
[2.942s]                  from [01m[K/opt/ros/humble/include/rclcpp/rclcpp/executors/multi_threaded_executor.hpp:25[m[K,
[2.942s]                  from [01m[K/opt/ros/humble/include/rclcpp/rclcpp/executors.hpp:21[m[K,
[2.942s]                  from [01m[K/opt/ros/humble/include/rclcpp/rclcpp/rclcpp.hpp:155[m[K,
[2.942s]                  from [01m[K/home/xsm/R1_ws/src/armend_visualize/include/armend_visualize/visualize.hpp:7[m[K,
[2.942s]                  from [01m[K/home/xsm/R1_ws/src/armend_visualize/src/main.cpp:3[m[K:
[2.942s] [01m[K/home/xsm/R1_ws/src/armend_visualize/src/main.cpp:[m[K In lambda function:
[2.942s] [01m[K/home/xsm/R1_ws/src/armend_visualize/src/main.cpp:14:75:[m[K [01;31m[Kerror: [m[Kâ€˜[01m[Kusing element_type = struct mit_msgs::msg::MITLowState_<std::allocator<void> >[m[Kâ€™ {aka â€˜[01m[Kstruct mit_msgs::msg::MITLowState_<std::allocator<void> >[m[Kâ€™} has no member named â€˜[01m[Kjoint_positions[m[Kâ€™
[2.942s]    14 |             RCLCPP_INFO(this->get_logger(), "I heard: [%f, %f, %f]", msg->[01;31m[Kjoint_positions[m[K[0], msg->joint_positions[1], msg->joint_positions[2]);
[2.942s]       |                                                                           [01;31m[K^~~~~~~~~~~~~~~[m[K
[2.942s] [01m[K/home/xsm/R1_ws/src/armend_visualize/src/main.cpp:14:100:[m[K [01;31m[Kerror: [m[Kâ€˜[01m[Kusing element_type = struct mit_msgs::msg::MITLowState_<std::allocator<void> >[m[Kâ€™ {aka â€˜[01m[Kstruct mit_msgs::msg::MITLowState_<std::allocator<void> >[m[Kâ€™} has no member named â€˜[01m[Kjoint_positions[m[Kâ€™
[2.942s]    14 |             RCLCPP_INFO(this->get_logger(), "I heard: [%f, %f, %f]", msg->joint_positions[0], msg->[01;31m[Kjoint_positions[m[K[1], msg->joint_positions[2]);
[2.942s]       |                                                                                                    [01;31m[K^~~~~~~~~~~~~~~[m[K
[2.942s] [01m[K/home/xsm/R1_ws/src/armend_visualize/src/main.cpp:14:125:[m[K [01;31m[Kerror: [m[Kâ€˜[01m[Kusing element_type = struct mit_msgs::msg::MITLowState_<std::allocator<void> >[m[Kâ€™ {aka â€˜[01m[Kstruct mit_msgs::msg::MITLowState_<std::allocator<void> >[m[Kâ€™} has no member named â€˜[01m[Kjoint_positions[m[Kâ€™
[2.942s]    14 |             RCLCPP_INFO(this->get_logger(), "I heard: [%f, %f, %f]", msg->joint_positions[0], msg->joint_positions[1], msg->[01;31m[Kjoint_positions[m[K[2]);
[2.942s]       |                                                                                                                             [01;31m[K^~~~~~~~~~~~~~~[m[K
[2.944s] [01m[K/home/xsm/R1_ws/src/armend_visualize/src/main.cpp:[m[K In member function â€˜[01m[Kvoid armend_visualize::joint_state_callback(mit_msgs::msg::MITLowState_<std::allocator<void> >::SharedPtr)[m[Kâ€™:
[2.944s] [01m[K/home/xsm/R1_ws/src/armend_visualize/src/main.cpp:20:67:[m[K [01;31m[Kerror: [m[Kâ€˜[01m[Kusing element_type = struct mit_msgs::msg::MITLowState_<std::allocator<void> >[m[Kâ€™ {aka â€˜[01m[Kstruct mit_msgs::msg::MITLowState_<std::allocator<void> >[m[Kâ€™} has no member named â€˜[01m[Kjoint_positions[m[Kâ€™
[2.944s]    20 |     RCLCPP_INFO(this->get_logger(), "I heard: [%f, %f, %f]", msg->[01;31m[Kjoint_positions[m[K[0], msg->joint_positions[1], msg->joint_positions[2]);
[2.944s]       |                                                                   [01;31m[K^~~~~~~~~~~~~~~[m[K
[2.944s] [01m[K/home/xsm/R1_ws/src/armend_visualize/src/main.cpp:20:92:[m[K [01;31m[Kerror: [m[Kâ€˜[01m[Kusing element_type = struct mit_msgs::msg::MITLowState_<std::allocator<void> >[m[Kâ€™ {aka â€˜[01m[Kstruct mit_msgs::msg::MITLowState_<std::allocator<void> >[m[Kâ€™} has no member named â€˜[01m[Kjoint_positions[m[Kâ€™
[2.944s]    20 |     RCLCPP_INFO(this->get_logger(), "I heard: [%f, %f, %f]", msg->joint_positions[0], msg->[01;31m[Kjoint_positions[m[K[1], msg->joint_positions[2]);
[2.944s]       |                                                                                            [01;31m[K^~~~~~~~~~~~~~~[m[K
[2.945s] [01m[K/home/xsm/R1_ws/src/armend_visualize/src/main.cpp:20:117:[m[K [01;31m[Kerror: [m[Kâ€˜[01m[Kusing element_type = struct mit_msgs::msg::MITLowState_<std::allocator<void> >[m[Kâ€™ {aka â€˜[01m[Kstruct mit_msgs::msg::MITLowState_<std::allocator<void> >[m[Kâ€™} has no member named â€˜[01m[Kjoint_positions[m[Kâ€™
[2.945s]    20 |     RCLCPP_INFO(this->get_logger(), "I heard: [%f, %f, %f]", msg->joint_positions[0], msg->joint_positions[1], msg->[01;31m[Kjoint_positions[m[K[2]);
[2.945s]       |                                                                                                                     [01;31m[K^~~~~~~~~~~~~~~[m[K
[4.769s] gmake[2]: *** [CMakeFiles/main.dir/build.make:76ï¼šCMakeFiles/main.dir/src/main.cpp.o] é”™è¯¯ 1
[4.770s] gmake[1]: *** [CMakeFiles/Makefile2:137ï¼šCMakeFiles/main.dir/all] é”™è¯¯ 2
[4.770s] gmake: *** [Makefile:146ï¼šall] é”™è¯¯ 2
[4.772s] Invoked command in '/home/xsm/R1_ws/build/armend_visualize' returned '2': CMAKE_PREFIX_PATH=/home/xsm/R1_ws/install/mit_msgs:/home/xsm/R1_ws/install/xsmmsg:/home/xsm/R1_ws/install/xsm_msg:/home/xsm/R1_ws/install/optimal_control_problem:/home/xsm/R1_ws/install/arm_dynamics_hw:/home/xsm/R1_ws/install/armForwardkinematics:/home/xsm/R1_ws/install/lock_utils:/home/xsm/R1_ws/install/gui_pkg:/opt/ros/humble LD_LIBRARY_PATH=/home/xsm/R1_ws/install/mit_msgs/lib:/home/xsm/R1_ws/install/xsmmsg/lib:/home/xsm/R1_ws/install/xsm_msg/lib:/home/xsm/R1_ws/install/optimal_control_problem/lib:/home/xsm/R1_ws/install/lock_utils/lib:/usr/lib/x86_64-linux-gnu/gazebo-11/plugins:/opt/ros/humble/opt/rviz_ogre_vendor/lib:/opt/ros/humble/lib/x86_64-linux-gnu:/opt/ros/humble/lib:/usr/share/gazebo/../../lib/x86_64-linux-gnu/gazebo-11/plugins:/usr/lib/nvidia:/usr/share/gazebo/../../lib/x86_64-linux-gnu/gazebo-11/plugins:/usr/share/gazebo/../../lib/x86_64-linux-gnu/gazebo-11/plugins:/usr/lib/nvidia /usr/bin/cmake --build /home/xsm/R1_ws/build/armend_visualize -- -j16 -l16
