[0.017s] Invoking command in '/home/xsm/R1_ws/build/armend_visualize': CMAKE_PREFIX_PATH=/home/xsm/R1_ws/install/mit_msgs:/home/xsm/R1_ws/install/xsmmsg:/home/xsm/R1_ws/install/xsm_msg:/home/xsm/R1_ws/install/optimal_control_problem:/home/xsm/R1_ws/install/arm_dynamics_hw:/home/xsm/R1_ws/install/armForwardkinematics:/home/xsm/R1_ws/install/lock_utils:/home/xsm/R1_ws/install/gui_pkg:/opt/ros/humble LD_LIBRARY_PATH=/home/xsm/R1_ws/install/mit_msgs/lib:/home/xsm/R1_ws/install/xsmmsg/lib:/home/xsm/R1_ws/install/xsm_msg/lib:/home/xsm/R1_ws/install/optimal_control_problem/lib:/home/xsm/R1_ws/install/lock_utils/lib:/usr/lib/x86_64-linux-gnu/gazebo-11/plugins:/opt/ros/humble/opt/rviz_ogre_vendor/lib:/opt/ros/humble/lib/x86_64-linux-gnu:/opt/ros/humble/lib:/usr/share/gazebo/../../lib/x86_64-linux-gnu/gazebo-11/plugins:/usr/lib/nvidia:/usr/share/gazebo/../../lib/x86_64-linux-gnu/gazebo-11/plugins:/usr/share/gazebo/../../lib/x86_64-linux-gnu/gazebo-11/plugins:/usr/lib/nvidia /usr/bin/cmake --build /home/xsm/R1_ws/build/armend_visualize -- -j16 -l16
[0.072s] [35m[1mConsolidate compiler generated dependencies of target main[0m
[0.097s] [ 50%] [32mBuilding CXX object CMakeFiles/main.dir/src/main.cpp.o[0m
[0.105s] [01m[Kcc1plus:[m[K [01;35m[Kwarning: [m[K/home/xsm/R1_ws/src/armend_visualize/include/armend_visualize/visualize.hpp: not a directory
[2.365s] In file included from [01m[K/opt/ros/humble/include/rclcpp/rclcpp/logging.hpp:24[m[K,
[2.365s]                  from [01m[K/opt/ros/humble/include/rclcpp/rclcpp/client.hpp:40[m[K,
[2.365s]                  from [01m[K/opt/ros/humble/include/rclcpp/rclcpp/callback_group.hpp:24[m[K,
[2.365s]                  from [01m[K/opt/ros/humble/include/rclcpp/rclcpp/any_executable.hpp:20[m[K,
[2.365s]                  from [01m[K/opt/ros/humble/include/rclcpp/rclcpp/memory_strategy.hpp:25[m[K,
[2.365s]                  from [01m[K/opt/ros/humble/include/rclcpp/rclcpp/memory_strategies.hpp:18[m[K,
[2.365s]                  from [01m[K/opt/ros/humble/include/rclcpp/rclcpp/executor_options.hpp:20[m[K,
[2.365s]                  from [01m[K/opt/ros/humble/include/rclcpp/rclcpp/executor.hpp:37[m[K,
[2.365s]                  from [01m[K/opt/ros/humble/include/rclcpp/rclcpp/executors/multi_threaded_executor.hpp:25[m[K,
[2.365s]                  from [01m[K/opt/ros/humble/include/rclcpp/rclcpp/executors.hpp:21[m[K,
[2.365s]                  from [01m[K/opt/ros/humble/include/rclcpp/rclcpp/rclcpp.hpp:155[m[K,
[2.365s]                  from [01m[K/home/xsm/R1_ws/src/armend_visualize/include/armend_visualize/visualize.hpp:7[m[K,
[2.365s]                  from [01m[K/home/xsm/R1_ws/src/armend_visualize/src/main.cpp:3[m[K:
[2.365s] [01m[K/home/xsm/R1_ws/src/armend_visualize/src/main.cpp:[m[K In lambda function:
[2.365s] [01m[K/home/xsm/R1_ws/src/armend_visualize/src/main.cpp:17:75:[m[K [01;31m[Kerror: [m[Kâ€˜[01m[Kusing element_type = struct mit_msgs::msg::MITLowState_<std::allocator<void> >[m[Kâ€™ {aka â€˜[01m[Kstruct mit_msgs::msg::MITLowState_<std::allocator<void> >[m[Kâ€™} has no member named â€˜[01m[Kjoint_positions[m[Kâ€™
[2.365s]    17 |             RCLCPP_INFO(this->get_logger(), "I heard: [%f, %f, %f]", msg->[01;31m[Kjoint_positions[m[K[0], msg->joint_positions[1], msg->joint_positions[2]);
[2.366s]       |                                                                           [01;31m[K^~~~~~~~~~~~~~~[m[K
[2.366s] [01m[K/home/xsm/R1_ws/src/armend_visualize/src/main.cpp:17:100:[m[K [01;31m[Kerror: [m[Kâ€˜[01m[Kusing element_type = struct mit_msgs::msg::MITLowState_<std::allocator<void> >[m[Kâ€™ {aka â€˜[01m[Kstruct mit_msgs::msg::MITLowState_<std::allocator<void> >[m[Kâ€™} has no member named â€˜[01m[Kjoint_positions[m[Kâ€™
[2.366s]    17 |             RCLCPP_INFO(this->get_logger(), "I heard: [%f, %f, %f]", msg->joint_positions[0], msg->[01;31m[Kjoint_positions[m[K[1], msg->joint_positions[2]);
[2.366s]       |                                                                                                    [01;31m[K^~~~~~~~~~~~~~~[m[K
[2.366s] [01m[K/home/xsm/R1_ws/src/armend_visualize/src/main.cpp:17:125:[m[K [01;31m[Kerror: [m[Kâ€˜[01m[Kusing element_type = struct mit_msgs::msg::MITLowState_<std::allocator<void> >[m[Kâ€™ {aka â€˜[01m[Kstruct mit_msgs::msg::MITLowState_<std::allocator<void> >[m[Kâ€™} has no member named â€˜[01m[Kjoint_positions[m[Kâ€™
[2.366s]    17 |             RCLCPP_INFO(this->get_logger(), "I heard: [%f, %f, %f]", msg->joint_positions[0], msg->joint_positions[1], msg->[01;31m[Kjoint_positions[m[K[2]);
[2.366s]       |                                                                                                                             [01;31m[K^~~~~~~~~~~~~~~[m[K
[2.368s] [01m[K/home/xsm/R1_ws/src/armend_visualize/src/main.cpp:[m[K In member function â€˜[01m[Kvoid armend_visualize::joint_state_callback(mit_msgs::msg::MITLowState_<std::allocator<void> >::SharedPtr)[m[Kâ€™:
[2.368s] [01m[K/home/xsm/R1_ws/src/armend_visualize/src/main.cpp:23:67:[m[K [01;31m[Kerror: [m[Kâ€˜[01m[Kusing element_type = struct mit_msgs::msg::MITLowState_<std::allocator<void> >[m[Kâ€™ {aka â€˜[01m[Kstruct mit_msgs::msg::MITLowState_<std::allocator<void> >[m[Kâ€™} has no member named â€˜[01m[Kjoint_positions[m[Kâ€™
[2.368s]    23 |     RCLCPP_INFO(this->get_logger(), "I heard: [%f, %f, %f]", msg->[01;31m[Kjoint_positions[m[K[0], msg->joint_positions[1], msg->joint_positions[2]);
[2.368s]       |                                                                   [01;31m[K^~~~~~~~~~~~~~~[m[K
[2.368s] [01m[K/home/xsm/R1_ws/src/armend_visualize/src/main.cpp:23:92:[m[K [01;31m[Kerror: [m[Kâ€˜[01m[Kusing element_type = struct mit_msgs::msg::MITLowState_<std::allocator<void> >[m[Kâ€™ {aka â€˜[01m[Kstruct mit_msgs::msg::MITLowState_<std::allocator<void> >[m[Kâ€™} has no member named â€˜[01m[Kjoint_positions[m[Kâ€™
[2.368s]    23 |     RCLCPP_INFO(this->get_logger(), "I heard: [%f, %f, %f]", msg->joint_positions[0], msg->[01;31m[Kjoint_positions[m[K[1], msg->joint_positions[2]);
[2.368s]       |                                                                                            [01;31m[K^~~~~~~~~~~~~~~[m[K
[2.368s] [01m[K/home/xsm/R1_ws/src/armend_visualize/src/main.cpp:23:117:[m[K [01;31m[Kerror: [m[Kâ€˜[01m[Kusing element_type = struct mit_msgs::msg::MITLowState_<std::allocator<void> >[m[Kâ€™ {aka â€˜[01m[Kstruct mit_msgs::msg::MITLowState_<std::allocator<void> >[m[Kâ€™} has no member named â€˜[01m[Kjoint_positions[m[Kâ€™
[2.368s]    23 |     RCLCPP_INFO(this->get_logger(), "I heard: [%f, %f, %f]", msg->joint_positions[0], msg->joint_positions[1], msg->[01;31m[Kjoint_positions[m[K[2]);
[2.368s]       |                                                                                                                     [01;31m[K^~~~~~~~~~~~~~~[m[K
[4.284s] gmake[2]: *** [CMakeFiles/main.dir/build.make:76ï¼šCMakeFiles/main.dir/src/main.cpp.o] é”™è¯¯ 1
[4.285s] gmake[1]: *** [CMakeFiles/Makefile2:137ï¼šCMakeFiles/main.dir/all] é”™è¯¯ 2
[4.285s] gmake: *** [Makefile:146ï¼šall] é”™è¯¯ 2
[4.288s] Invoked command in '/home/xsm/R1_ws/build/armend_visualize' returned '2': CMAKE_PREFIX_PATH=/home/xsm/R1_ws/install/mit_msgs:/home/xsm/R1_ws/install/xsmmsg:/home/xsm/R1_ws/install/xsm_msg:/home/xsm/R1_ws/install/optimal_control_problem:/home/xsm/R1_ws/install/arm_dynamics_hw:/home/xsm/R1_ws/install/armForwardkinematics:/home/xsm/R1_ws/install/lock_utils:/home/xsm/R1_ws/install/gui_pkg:/opt/ros/humble LD_LIBRARY_PATH=/home/xsm/R1_ws/install/mit_msgs/lib:/home/xsm/R1_ws/install/xsmmsg/lib:/home/xsm/R1_ws/install/xsm_msg/lib:/home/xsm/R1_ws/install/optimal_control_problem/lib:/home/xsm/R1_ws/install/lock_utils/lib:/usr/lib/x86_64-linux-gnu/gazebo-11/plugins:/opt/ros/humble/opt/rviz_ogre_vendor/lib:/opt/ros/humble/lib/x86_64-linux-gnu:/opt/ros/humble/lib:/usr/share/gazebo/../../lib/x86_64-linux-gnu/gazebo-11/plugins:/usr/lib/nvidia:/usr/share/gazebo/../../lib/x86_64-linux-gnu/gazebo-11/plugins:/usr/share/gazebo/../../lib/x86_64-linux-gnu/gazebo-11/plugins:/usr/lib/nvidia /usr/bin/cmake --build /home/xsm/R1_ws/build/armend_visualize -- -j16 -l16
