[0.018s] Invoking command in '/home/xsm/R1_ws/build/armend_visualize': CMAKE_PREFIX_PATH=/home/xsm/R1_ws/install/mit_msgs:/home/xsm/R1_ws/install/xsmmsg:/home/xsm/R1_ws/install/xsm_msg:/home/xsm/R1_ws/install/optimal_control_problem:/home/xsm/R1_ws/install/armend_visualize:/home/xsm/R1_ws/install/arm_dynamics_hw:/home/xsm/R1_ws/install/armForwardkinematics:/home/xsm/R1_ws/install/lock_utils:/home/xsm/R1_ws/install/gui_pkg:/opt/ros/humble LD_LIBRARY_PATH=/home/xsm/R1_ws/install/mit_msgs/lib:/home/xsm/R1_ws/install/xsmmsg/lib:/home/xsm/R1_ws/install/xsm_msg/lib:/home/xsm/R1_ws/install/optimal_control_problem/lib:/home/xsm/R1_ws/install/lock_utils/lib:/usr/lib/x86_64-linux-gnu/gazebo-11/plugins:/opt/ros/humble/opt/rviz_ogre_vendor/lib:/opt/ros/humble/lib/x86_64-linux-gnu:/opt/ros/humble/lib:/usr/share/gazebo/../../lib/x86_64-linux-gnu/gazebo-11/plugins:/usr/lib/nvidia:/usr/share/gazebo/../../lib/x86_64-linux-gnu/gazebo-11/plugins:/usr/share/gazebo/../../lib/x86_64-linux-gnu/gazebo-11/plugins:/usr/lib/nvidia /usr/bin/cmake --build /home/xsm/R1_ws/build/armend_visualize -- -j16 -l16
[0.069s] [35m[1mConsolidate compiler generated dependencies of target main[0m
[0.094s] [ 50%] [32mBuilding CXX object CMakeFiles/main.dir/src/main.cpp.o[0m
[0.102s] [01m[Kcc1plus:[m[K [01;35m[Kwarning: [m[K/home/xsm/R1_ws/src/armend_visualize/include/armend_visualize/visualize.hpp: not a directory
[2.466s] [01m[K/home/xsm/R1_ws/src/armend_visualize/src/main.cpp:[m[K In member function â€˜[01m[Kvoid armend_visualize::draw(Eigen::Vector3d)[m[Kâ€™:
[2.466s] [01m[K/home/xsm/R1_ws/src/armend_visualize/src/main.cpp:34:12:[m[K [01;31m[Kerror: [m[Kâ€˜[01m[Ki[m[Kâ€™ does not name a type
[2.466s]    34 |     static [01;31m[Ki[m[K = 1;
[2.466s]       |            [01;31m[K^[m[K
[2.472s] [01m[K/home/xsm/R1_ws/src/armend_visualize/src/main.cpp:35:9:[m[K [01;31m[Kerror: [m[Kâ€˜[01m[Ki[m[Kâ€™ was not declared in this scope
[2.472s]    35 |     if ([01;31m[Ki[m[K == 1)
[2.472s]       |         [01;31m[K^[m[K
[2.657s] In file included from [01m[K/home/xsm/R1_ws/src/armend_visualize/src/main.cpp:8[m[K:
[2.657s] /home/xsm/R1_ws/src/armend_visualize/include/matplotlib-cpp-master/matplotlibcpp.h: In instantiation of â€˜[01m[Kbool matplotlibcpp::detail::plot_impl<std::integral_constant<bool, false> >::operator()(const IterableX&, const IterableY&, const string&) [with IterableX = float [10000]; IterableY = float [10000]; std::string = std::__cxx11::basic_string<char>][m[Kâ€™:
[2.657s] [01m[K/home/xsm/R1_ws/src/armend_visualize/include/matplotlib-cpp-master/matplotlibcpp.h:2865:70:[m[K   required from â€˜[01m[Kbool matplotlibcpp::plot(const A&, const B&, const string&, Args ...) [with A = float [10000]; B = float [10000]; Args = {}; std::string = std::__cxx11::basic_string<char>][m[Kâ€™
[2.657s] [01m[K/home/xsm/R1_ws/src/armend_visualize/src/main.cpp:51:14:[m[K   required from here
[2.657s] [01m[K/home/xsm/R1_ws/src/armend_visualize/include/matplotlib-cpp-master/matplotlibcpp.h:2821:29:[m[K [01;35m[Kwarning: [m[Kcomparison of integer expressions of different signedness: â€˜[01m[Ksize_t[m[Kâ€™ {aka â€˜[01m[Klong unsigned int[m[Kâ€™} and â€˜[01m[Klong int[m[Kâ€™ [[01;35m[K]8;;https://gcc.gnu.org/onlinedocs/gcc/Warning-Options.html#index-Wsign-compare-Wsign-compare]8;;[m[K]
[2.657s]  2821 |         for(size_t i = 0; [01;35m[Ki < xs[m[K; ++i) {
[2.657s]       |                           [01;35m[K~~^~~~[m[K
[4.420s] gmake[2]: *** [CMakeFiles/main.dir/build.make:76ï¼šCMakeFiles/main.dir/src/main.cpp.o] é”™è¯¯ 1
[4.421s] gmake[1]: *** [CMakeFiles/Makefile2:137ï¼šCMakeFiles/main.dir/all] é”™è¯¯ 2
[4.421s] gmake: *** [Makefile:146ï¼šall] é”™è¯¯ 2
[4.424s] Invoked command in '/home/xsm/R1_ws/build/armend_visualize' returned '2': CMAKE_PREFIX_PATH=/home/xsm/R1_ws/install/mit_msgs:/home/xsm/R1_ws/install/xsmmsg:/home/xsm/R1_ws/install/xsm_msg:/home/xsm/R1_ws/install/optimal_control_problem:/home/xsm/R1_ws/install/armend_visualize:/home/xsm/R1_ws/install/arm_dynamics_hw:/home/xsm/R1_ws/install/armForwardkinematics:/home/xsm/R1_ws/install/lock_utils:/home/xsm/R1_ws/install/gui_pkg:/opt/ros/humble LD_LIBRARY_PATH=/home/xsm/R1_ws/install/mit_msgs/lib:/home/xsm/R1_ws/install/xsmmsg/lib:/home/xsm/R1_ws/install/xsm_msg/lib:/home/xsm/R1_ws/install/optimal_control_problem/lib:/home/xsm/R1_ws/install/lock_utils/lib:/usr/lib/x86_64-linux-gnu/gazebo-11/plugins:/opt/ros/humble/opt/rviz_ogre_vendor/lib:/opt/ros/humble/lib/x86_64-linux-gnu:/opt/ros/humble/lib:/usr/share/gazebo/../../lib/x86_64-linux-gnu/gazebo-11/plugins:/usr/lib/nvidia:/usr/share/gazebo/../../lib/x86_64-linux-gnu/gazebo-11/plugins:/usr/share/gazebo/../../lib/x86_64-linux-gnu/gazebo-11/plugins:/usr/lib/nvidia /usr/bin/cmake --build /home/xsm/R1_ws/build/armend_visualize -- -j16 -l16
